** Daemonized, any open files are closed.  Look at tmp/pids/mongrel.8008.pid and log/mongrel.8008.log for info.
** Starting Mongrel listening at 127.0.0.1:8008
** Starting Rails with development environment...
** Rails loaded.
** Loading any Rails specific GemPlugins
** Signals ready.  TERM => stop.  USR2 => restart.  INT => stop (no restart).
** Rails signals registered.  HUP => reload (without restart).  It might not work well.
** Mongrel 1.1.5 available at 127.0.0.1:8008
** Writing PID file to tmp/pids/mongrel.8008.pid
  [4;36;1mSQL (0.1ms)[0m   [0;1mSET client_min_messages TO 'panic'[0m
  [4;35;1mSQL (0.1ms)[0m   [0mSET standard_conforming_strings = on[0m
  [4;36;1mSQL (0.1ms)[0m   [0;1mSET client_min_messages TO 'notice'[0m


Processing MainController#index (for ::1 at 2010-10-21 02:00:12) [GET]
  Parameters: {"action"=>"index", "controller"=>"main"}
Rendering template within layouts/application
Rendering main/index
Completed in 28ms (View: 15, DB: 0) | 200 OK [http://localhost/main/]
  [4;35;1mSQL (0.1ms)[0m   [0mSET client_min_messages TO 'panic'[0m
  [4;36;1mSQL (0.1ms)[0m   [0;1mSET standard_conforming_strings = on[0m
  [4;35;1mSQL (0.1ms)[0m   [0mSET client_min_messages TO 'notice'[0m


Processing UserController#login (for ::1 at 2010-10-21 02:00:27) [POST]
  Parameters: {"commit"=>"Log in", "action"=>"login", "authenticity_token"=>"4o5AHzHAOWGjdQhDwCgbyBbbQVn+Q2/CtW2SHwLUPbc=", "controller"=>"user", "user"=>{"username"=>"administrator", "password"=>"[FILTERED]"}}
  [4;36;1mUser Load (0.8ms)[0m   [0;1mSELECT * FROM "users" WHERE ("users"."username" = 'administrator') LIMIT 1[0m
Redirected to https://localhost/user
Completed in 21ms (DB: 1) | 302 Found [https://localhost/user/login]
  [4;35;1mSQL (0.1ms)[0m   [0mSET client_min_messages TO 'panic'[0m
  [4;36;1mSQL (0.1ms)[0m   [0;1mSET standard_conforming_strings = on[0m
  [4;35;1mSQL (0.1ms)[0m   [0mSET client_min_messages TO 'notice'[0m


Processing UserController#register (for ::1 at 2010-10-21 02:00:33) [GET]
  Parameters: {"action"=>"register", "controller"=>"user"}
Rendering template within layouts/application
Rendering user/register
Completed in 23ms (View: 17, DB: 0) | 200 OK [http://localhost/user/register]
  [4;36;1mSQL (0.1ms)[0m   [0;1mSET client_min_messages TO 'panic'[0m
  [4;35;1mSQL (0.1ms)[0m   [0mSET standard_conforming_strings = on[0m
  [4;36;1mSQL (0.1ms)[0m   [0;1mSET client_min_messages TO 'notice'[0m


Processing UserController#login (for ::1 at 2010-10-21 02:00:40) [GET]
  Parameters: {"action"=>"login", "controller"=>"user"}
Redirected to https://localhost/user/login
Filter chain halted as [:ensure_proper_protocol] rendered_or_redirected.
Completed in 1ms (DB: 0) | 302 Found [http://localhost/user/login]
  [4;35;1mSQL (0.1ms)[0m   [0mSET client_min_messages TO 'panic'[0m
  [4;36;1mSQL (0.1ms)[0m   [0;1mSET standard_conforming_strings = on[0m
  [4;35;1mSQL (0.1ms)[0m   [0mSET client_min_messages TO 'notice'[0m


Processing UserController#login (for ::1 at 2010-10-21 02:00:45) [POST]
  Parameters: {"commit"=>"Log in", "action"=>"login", "authenticity_token"=>"4o5AHzHAOWGjdQhDwCgbyBbbQVn+Q2/CtW2SHwLUPbc=", "controller"=>"user", "user"=>{"username"=>"administrator", "password"=>"[FILTERED]"}}
  [4;36;1mUser Load (0.8ms)[0m   [0;1mSELECT * FROM "users" WHERE ("users"."username" = 'administrator') LIMIT 1[0m
Redirected to https://localhost/user
Completed in 13ms (DB: 1) | 302 Found [https://localhost/user/login]
  [4;35;1mSQL (0.1ms)[0m   [0mSET client_min_messages TO 'panic'[0m
  [4;36;1mSQL (0.1ms)[0m   [0;1mSET standard_conforming_strings = on[0m
  [4;35;1mSQL (0.1ms)[0m   [0mSET client_min_messages TO 'notice'[0m


Processing MainController#index (for ::1 at 2010-10-21 02:00:47) [GET]
  Parameters: {"action"=>"index", "controller"=>"main"}
Rendering template within layouts/application
Rendering main/index
Completed in 9ms (View: 4, DB: 0) | 200 OK [http://localhost/main]
** TERM signal received.
** Daemonized, any open files are closed.  Look at tmp/pids/mongrel.8008.pid and log/mongrel.8008.log for info.
** Starting Mongrel listening at 127.0.0.1:8008
** Starting Rails with development environment...
** Rails loaded.
** Loading any Rails specific GemPlugins
** Signals ready.  TERM => stop.  USR2 => restart.  INT => stop (no restart).
** Rails signals registered.  HUP => reload (without restart).  It might not work well.
** Mongrel 1.1.5 available at 127.0.0.1:8008
** Writing PID file to tmp/pids/mongrel.8008.pid
  [4;36;1mSQL (0.1ms)[0m   [0;1mSET client_min_messages TO 'panic'[0m
  [4;35;1mSQL (0.1ms)[0m   [0mSET standard_conforming_strings = on[0m
  [4;36;1mSQL (0.1ms)[0m   [0;1mSET client_min_messages TO 'notice'[0m


Processing BasicsController#index (for ::1 at 2010-10-21 02:05:55) [GET]
  Parameters: {"action"=>"index", "controller"=>"basics"}
Rendering template within layouts/basics
Rendering basics/index
Completed in 15ms (View: 12, DB: 0) | 200 OK [http://localhost/basics/]
  [4;35;1mSQL (0.1ms)[0m   [0mSET client_min_messages TO 'panic'[0m
  [4;36;1mSQL (0.1ms)[0m   [0;1mSET standard_conforming_strings = on[0m
  [4;35;1mSQL (0.2ms)[0m   [0mSET client_min_messages TO 'notice'[0m


Processing MainController#index (for ::1 at 2010-10-21 02:09:24) [GET]
  Parameters: {"action"=>"index", "controller"=>"main"}
Rendering template within layouts/application
Rendering main/index
Completed in 22ms (View: 12, DB: 0) | 200 OK [http://localhost/main]
  [4;36;1mSQL (0.1ms)[0m   [0;1mSET client_min_messages TO 'panic'[0m
  [4;35;1mSQL (0.1ms)[0m   [0mSET standard_conforming_strings = on[0m
  [4;36;1mSQL (0.1ms)[0m   [0;1mSET client_min_messages TO 'notice'[0m


Processing MainController#index (for ::1 at 2010-10-21 02:09:31) [GET]
  Parameters: {"action"=>"index", "controller"=>"main"}
Rendering template within layouts/application
Rendering main/index
Completed in 9ms (View: 4, DB: 0) | 200 OK [http://localhost/main]
  [4;35;1mSQL (0.1ms)[0m   [0mSET client_min_messages TO 'panic'[0m
  [4;36;1mSQL (0.1ms)[0m   [0;1mSET standard_conforming_strings = on[0m
  [4;35;1mSQL (0.1ms)[0m   [0mSET client_min_messages TO 'notice'[0m


Processing UserController#login (for ::1 at 2010-10-21 02:09:46) [POST]
  Parameters: {"commit"=>"Log in", "action"=>"login", "authenticity_token"=>"4o5AHzHAOWGjdQhDwCgbyBbbQVn+Q2/CtW2SHwLUPbc=", "controller"=>"user", "user"=>{"username"=>"administrator", "password"=>"[FILTERED]"}}
  [4;36;1mUser Load (1.1ms)[0m   [0;1mSELECT * FROM "users" WHERE ("users"."username" = 'administrator') LIMIT 1[0m
Redirected to https://localhost/user
Completed in 23ms (DB: 1) | 302 Found [https://localhost/user/login]
  [4;35;1mSQL (0.1ms)[0m   [0mSET client_min_messages TO 'panic'[0m
  [4;36;1mSQL (0.1ms)[0m   [0;1mSET standard_conforming_strings = on[0m
  [4;35;1mSQL (0.1ms)[0m   [0mSET client_min_messages TO 'notice'[0m


Processing UserController#logout (for ::1 at 2010-10-21 02:09:50) [GET]
  Parameters: {"action"=>"logout", "controller"=>"user"}
Redirected to http://localhost/main
Completed in 2ms (DB: 0) | 302 Found [http://localhost/user/logout]
