** Daemonized, any open files are closed.  Look at tmp/pids/mongrel.8009.pid and log/mongrel.8009.log for info.
** Starting Mongrel listening at 127.0.0.1:8009
** Starting Rails with development environment...
** Rails loaded.
** Loading any Rails specific GemPlugins
** Signals ready.  TERM => stop.  USR2 => restart.  INT => stop (no restart).
** Rails signals registered.  HUP => reload (without restart).  It might not work well.
** Mongrel 1.1.5 available at 127.0.0.1:8009
** Writing PID file to tmp/pids/mongrel.8009.pid
  [4;36;1mSQL (0.1ms)[0m   [0;1mSET client_min_messages TO 'panic'[0m
  [4;35;1mSQL (0.1ms)[0m   [0mSET standard_conforming_strings = on[0m
  [4;36;1mSQL (0.1ms)[0m   [0;1mSET client_min_messages TO 'notice'[0m


Processing UserController#login (for ::1 at 2010-10-21 02:00:14) [GET]
  Parameters: {"action"=>"login", "controller"=>"user"}
Redirected to https://localhost/user/login
Filter chain halted as [:ensure_proper_protocol] rendered_or_redirected.
Completed in 1ms (DB: 0) | 302 Found [http://localhost/user/login]
  [4;35;1mSQL (0.1ms)[0m   [0mSET client_min_messages TO 'panic'[0m
  [4;36;1mSQL (0.1ms)[0m   [0;1mSET standard_conforming_strings = on[0m
  [4;35;1mSQL (0.1ms)[0m   [0mSET client_min_messages TO 'notice'[0m


Processing UserController#index (for ::1 at 2010-10-21 02:00:27) [GET]
  Parameters: {"action"=>"index", "controller"=>"user"}
Redirected to http://localhost/user
Filter chain halted as [:ensure_proper_protocol] rendered_or_redirected.
Completed in 1ms (DB: 0) | 302 Found [https://localhost/user]
  [4;36;1mSQL (0.1ms)[0m   [0;1mSET client_min_messages TO 'panic'[0m
  [4;35;1mSQL (0.1ms)[0m   [0mSET standard_conforming_strings = on[0m
  [4;36;1mSQL (0.1ms)[0m   [0;1mSET client_min_messages TO 'notice'[0m


Processing UserController#logout (for ::1 at 2010-10-21 02:00:39) [GET]
  Parameters: {"action"=>"logout", "controller"=>"user"}
Redirected to http://localhost/main
Completed in 2ms (DB: 0) | 302 Found [http://localhost/user/logout]
  [4;35;1mSQL (0.1ms)[0m   [0mSET client_min_messages TO 'panic'[0m
  [4;36;1mSQL (0.1ms)[0m   [0;1mSET standard_conforming_strings = on[0m
  [4;35;1mSQL (0.1ms)[0m   [0mSET client_min_messages TO 'notice'[0m


Processing UserController#index (for ::1 at 2010-10-21 02:00:45) [GET]
  Parameters: {"action"=>"index", "controller"=>"user"}
Redirected to http://localhost/user
Filter chain halted as [:ensure_proper_protocol] rendered_or_redirected.
Completed in 1ms (DB: 0) | 302 Found [https://localhost/user]
  [4;36;1mSQL (0.1ms)[0m   [0;1mSET client_min_messages TO 'panic'[0m
  [4;35;1mSQL (0.1ms)[0m   [0mSET standard_conforming_strings = on[0m
  [4;36;1mSQL (0.1ms)[0m   [0;1mSET client_min_messages TO 'notice'[0m


Processing UserController#index (for ::1 at 2010-10-21 02:00:45) [GET]
  Parameters: {"action"=>"index", "controller"=>"user"}
Rendering template within layouts/application
Rendering user/index
Completed in 86ms (View: 15, DB: 0) | 200 OK [http://localhost/user]
** TERM signal received.
** Daemonized, any open files are closed.  Look at tmp/pids/mongrel.8009.pid and log/mongrel.8009.log for info.
** Starting Mongrel listening at 127.0.0.1:8009
** Starting Rails with development environment...
** Rails loaded.
** Loading any Rails specific GemPlugins
** Signals ready.  TERM => stop.  USR2 => restart.  INT => stop (no restart).
** Rails signals registered.  HUP => reload (without restart).  It might not work well.
** Mongrel 1.1.5 available at 127.0.0.1:8009
** Writing PID file to tmp/pids/mongrel.8009.pid
  [4;36;1mSQL (0.1ms)[0m   [0;1mSET client_min_messages TO 'panic'[0m
  [4;35;1mSQL (0.1ms)[0m   [0mSET standard_conforming_strings = on[0m
  [4;36;1mSQL (0.1ms)[0m   [0;1mSET client_min_messages TO 'notice'[0m


Processing MainController#index (for ::1 at 2010-10-21 02:08:06) [GET]
  Parameters: {"action"=>"index", "controller"=>"main"}
Rendering template within layouts/application
Rendering main/index
Completed in 24ms (View: 14, DB: 0) | 200 OK [http://localhost/main/]
  [4;35;1mSQL (0.1ms)[0m   [0mSET client_min_messages TO 'panic'[0m
  [4;36;1mSQL (0.1ms)[0m   [0;1mSET standard_conforming_strings = on[0m
  [4;35;1mSQL (0.1ms)[0m   [0mSET client_min_messages TO 'notice'[0m


Processing MainController#about (for ::1 at 2010-10-21 02:09:27) [GET]
  Parameters: {"action"=>"about", "controller"=>"main"}
Rendering template within layouts/application
Rendering main/about
Completed in 14ms (View: 12, DB: 0) | 200 OK [http://localhost/main/about]
  [4;36;1mSQL (0.2ms)[0m   [0;1mSET client_min_messages TO 'panic'[0m
  [4;35;1mSQL (0.3ms)[0m   [0mSET standard_conforming_strings = on[0m
  [4;36;1mSQL (0.2ms)[0m   [0;1mSET client_min_messages TO 'notice'[0m


Processing UserController#login (for ::1 at 2010-10-21 02:09:34) [GET]
  Parameters: {"action"=>"login", "controller"=>"user"}
Redirected to https://localhost/user/login
Filter chain halted as [:ensure_proper_protocol] rendered_or_redirected.
Completed in 1ms (DB: 1) | 302 Found [http://localhost/user/login]
  [4;35;1mSQL (0.1ms)[0m   [0mSET client_min_messages TO 'panic'[0m
  [4;36;1mSQL (0.1ms)[0m   [0;1mSET standard_conforming_strings = on[0m
  [4;35;1mSQL (0.1ms)[0m   [0mSET client_min_messages TO 'notice'[0m


Processing UserController#index (for ::1 at 2010-10-21 02:09:46) [GET]
  Parameters: {"action"=>"index", "controller"=>"user"}
Redirected to http://localhost/user
Filter chain halted as [:ensure_proper_protocol] rendered_or_redirected.
Completed in 1ms (DB: 0) | 302 Found [https://localhost/user]
  [4;36;1mSQL (0.1ms)[0m   [0;1mSET client_min_messages TO 'panic'[0m
  [4;35;1mSQL (0.1ms)[0m   [0mSET standard_conforming_strings = on[0m
  [4;36;1mSQL (0.1ms)[0m   [0;1mSET client_min_messages TO 'notice'[0m


Processing MainController#index (for ::1 at 2010-10-21 02:09:50) [GET]
  Parameters: {"action"=>"index", "controller"=>"main"}
Rendering template within layouts/application
Rendering main/index
Completed in 10ms (View: 4, DB: 0) | 200 OK [http://localhost/main]
